# JRE version: OpenJDK Runtime Environment (21.0.6) (build 21.0.6+-13368085-b895.109)
# Java VM: OpenJDK 64-Bit Server VM (21.0.6+-13368085-b895.109, mixed mode, tiered, compressed oops, compressed class ptrs, g1 gc, windows-amd64)
GC Precious Log:
 CardTable entry size: 512
 Card Set container configuration: InlinePtr #cards 5 size 8 Array Of Cards #cards 12 size 40 Howl #buckets 4 coarsen threshold 1843 Howl Bitmap #cards 512 size 80 coarsen threshold 460 Card regions per heap region 1 cards per card region 2048
 CPUs: 16 total, 16 available
 Memory: 15661M
 Large Page Support: Disabled
 NUMA Support: Disabled
 Compressed Oops: Enabled (32-bit)
 Heap Region Size: 1M
 Heap Min Capacity: 8M
 Heap Initial Capacity: 246M
 Heap Max Capacity: 2G
 Pre-touch: Disabled
 Parallel Workers: 13
 Concurrent Workers: 3
 Concurrent Refinement Workers: 13
 Periodic GC: Disabled
Heap:
 garbage-first heap   total 158720K, used 93524K [0x0000000080000000, 0x0000000100000000)
  region size 1024K, 8 young (8192K), 5 survivors (5120K)
 Metaspace       used 73659K, committed 75520K, reserved 1114112K
  class space    used 9956K, committed 10880K, reserved 1048576K
GC Heap History (20 events):
Event: 3.833 GC heap before
{Heap before GC invocations=15 (full 0):
 garbage-first heap   total 100352K, used 78060K [0x0000000080000000, 0x0000000100000000)
  region size 1024K, 28 young (28672K), 3 survivors (3072K)
 Metaspace       used 56265K, committed 57728K, reserved 1114112K
  class space    used 7647K, committed 8384K, reserved 1048576K
}
Event: 3.836 GC heap after
{Heap after GC invocations=16 (full 0):
 garbage-first heap   total 100352K, used 56194K [0x0000000080000000, 0x0000000100000000)
  region size 1024K, 3 young (3072K), 3 survivors (3072K)
 Metaspace       used 56265K, committed 57728K, reserved 1114112K
  class space    used 7647K, committed 8384K, reserved 1048576K
}
Event: 4.076 GC heap before
{Heap before GC invocations=17 (full 0):
 garbage-first heap   total 100352K, used 98178K [0x0000000080000000, 0x0000000100000000)
  region size 1024K, 28 young (28672K), 3 survivors (3072K)
 Metaspace       used 58064K, committed 59648K, reserved 1114112K
  class space    used 7745K, committed 8512K, reserved 1048576K
}
Event: 4.079 GC heap after
{Heap after GC invocations=18 (full 0):
 garbage-first heap   total 107520K, used 76597K [0x0000000080000000, 0x0000000100000000)
  region size 1024K, 5 young (5120K), 5 survivors (5120K)
 Metaspace       used 58064K, committed 59648K, reserved 1114112K
  class space    used 7745K, committed 8512K, reserved 1048576K
}
Event: 4.191 GC heap before
{Heap before GC invocations=18 (full 0):
 garbage-first heap   total 107520K, used 96053K [0x0000000080000000, 0x0000000100000000)
  region size 1024K, 24 young (24576K), 5 survivors (5120K)
 Metaspace       used 59094K, committed 60736K, reserved 1114112K
  class space    used 7883K, committed 8704K, reserved 1048576K
}
Event: 4.194 GC heap after
{Heap after GC invocations=19 (full 0):
 garbage-first heap   total 107520K, used 76632K [0x0000000080000000, 0x0000000100000000)
  region size 1024K, 1 young (1024K), 1 survivors (1024K)
 Metaspace       used 59094K, committed 60736K, reserved 1114112K
  class space    used 7883K, committed 8704K, reserved 1048576K
}
Event: 4.324 GC heap before
{Heap before GC invocations=19 (full 0):
 garbage-first heap   total 107520K, used 98136K [0x0000000080000000, 0x0000000100000000)
  region size 1024K, 22 young (22528K), 1 survivors (1024K)
 Metaspace       used 59985K, committed 61632K, reserved 1114112K
  class space    used 8039K, committed 8832K, reserved 1048576K
}
Event: 4.327 GC heap after
{Heap after GC invocations=20 (full 0):
 garbage-first heap   total 107520K, used 77514K [0x0000000080000000, 0x0000000100000000)
  region size 1024K, 2 young (2048K), 2 survivors (2048K)
 Metaspace       used 59985K, committed 61632K, reserved 1114112K
  class space    used 8039K, committed 8832K, reserved 1048576K
}
Event: 4.560 GC heap before
{Heap before GC invocations=21 (full 0):
 garbage-first heap   total 132096K, used 96970K [0x0000000080000000, 0x0000000100000000)
  region size 1024K, 21 young (21504K), 2 survivors (2048K)
 Metaspace       used 62704K, committed 64384K, reserved 1114112K
  class space    used 8404K, committed 9216K, reserved 1048576K
}
Event: 4.561 GC heap after
{Heap after GC invocations=22 (full 0):
 garbage-first heap   total 158720K, used 78265K [0x0000000080000000, 0x0000000100000000)
  region size 1024K, 3 young (3072K), 3 survivors (3072K)
 Metaspace       used 62704K, committed 64384K, reserved 1114112K
  class space    used 8404K, committed 9216K, reserved 1048576K
}
Event: 5.100 GC heap before
{Heap before GC invocations=22 (full 0):
 garbage-first heap   total 158720K, used 137657K [0x0000000080000000, 0x0000000100000000)
  region size 1024K, 61 young (62464K), 3 survivors (3072K)
 Metaspace       used 69866K, committed 71680K, reserved 1114112K
  class space    used 9488K, committed 10368K, reserved 1048576K
}
Event: 5.104 GC heap after
{Heap after GC invocations=23 (full 0):
 garbage-first heap   total 158720K, used 81075K [0x0000000080000000, 0x0000000100000000)
  region size 1024K, 6 young (6144K), 6 survivors (6144K)
 Metaspace       used 69866K, committed 71680K, reserved 1114112K
  class space    used 9488K, committed 10368K, reserved 1048576K
}
Event: 5.723 GC heap before
{Heap before GC invocations=23 (full 0):
 garbage-first heap   total 158720K, used 140467K [0x0000000080000000, 0x0000000100000000)
  region size 1024K, 65 young (66560K), 6 survivors (6144K)
 Metaspace       used 73184K, committed 75008K, reserved 1114112K
  class space    used 9930K, committed 10880K, reserved 1048576K
}
Event: 5.728 GC heap after
{Heap after GC invocations=24 (full 0):
 garbage-first heap   total 158720K, used 85680K [0x0000000080000000, 0x0000000100000000)
  region size 1024K, 9 young (9216K), 9 survivors (9216K)
 Metaspace       used 73184K, committed 75008K, reserved 1114112K
  class space    used 9930K, committed 10880K, reserved 1048576K
}
Event: 5.870 GC heap before
{Heap before GC invocations=25 (full 0):
 garbage-first heap   total 158720K, used 138928K [0x0000000080000000, 0x0000000100000000)
  region size 1024K, 62 young (63488K), 9 survivors (9216K)
 Metaspace       used 73452K, committed 75328K, reserved 1114112K
  class space    used 9930K, committed 10880K, reserved 1048576K
}
Event: 5.875 GC heap after
{Heap after GC invocations=26 (full 0):
 garbage-first heap   total 158720K, used 87855K [0x0000000080000000, 0x0000000100000000)
  region size 1024K, 5 young (5120K), 5 survivors (5120K)
 Metaspace       used 73452K, committed 75328K, reserved 1114112K
  class space    used 9930K, committed 10880K, reserved 1048576K
}
Event: 5.985 GC heap before
{Heap before GC invocations=26 (full 0):
 garbage-first heap   total 158720K, used 141103K [0x0000000080000000, 0x0000000100000000)
  region size 1024K, 58 young (59392K), 5 survivors (5120K)
 Metaspace       used 73462K, committed 75328K, reserved 1114112K
  class space    used 9930K, committed 10880K, reserved 1048576K
}
Event: 5.989 GC heap after
{Heap after GC invocations=27 (full 0):
 garbage-first heap   total 158720K, used 87601K [0x0000000080000000, 0x0000000100000000)
  region size 1024K, 5 young (5120K), 5 survivors (5120K)
 Metaspace       used 73462K, committed 75328K, reserved 1114112K
  class space    used 9930K, committed 10880K, reserved 1048576K
}
Event: 6.078 GC heap before
{Heap before GC invocations=27 (full 0):
 garbage-first heap   total 158720K, used 102961K [0x0000000080000000, 0x0000000100000000)
  region size 1024K, 21 young (21504K), 5 survivors (5120K)
 Metaspace       used 73614K, committed 75456K, reserved 1114112K
  class space    used 9951K, committed 10880K, reserved 1048576K
}
Event: 6.081 GC heap after
{Heap after GC invocations=28 (full 0):
 garbage-first heap   total 158720K, used 88404K [0x0000000080000000, 0x0000000100000000)
  region size 1024K, 5 young (5120K), 5 survivors (5120K)
 Metaspace       used 73614K, committed 75456K, reserved 1114112K
  class space    used 9951K, committed 10880K, reserved 1048576K
}

